Starting training at 20260407_084331
Args: {'train_json': 'data/memes-trainval.json', 'test_json': 'data/memes-test.json', 'image_root': 'data/memes', 'output_dir': 'outputs/classification/ablation_gelu', 'model_name': 'ViT-L-14', 'pretrained': 'laion2b_s32b_b82k', 'batch_size': 32, 'eval_batch_size': 64, 'epochs': 10, 'lr': 0.0001, 'weight_decay': 0.01, 'hidden_dim': 512, 'dropout': 0.3, 'limit': None, 'seed': 42, 'device': None, 'feature_dir': None}

--- Epoch 1/10 ---
Train Loss: 0.1265 | Test Loss: 0.0755
Test accuracy: 0.9612
Test precision: 0.9971
Test recall: 0.9513
Test f1: 0.9737
Test roc_auc: 0.9990
[*] Saved new best model (F1: 0.9737)

--- Epoch 2/10 ---
Train Loss: 0.0365 | Test Loss: 0.0704
Test accuracy: 0.9675
Test precision: 0.9986
Test recall: 0.9583
Test f1: 0.9780
Test roc_auc: 0.9992
[*] Saved new best model (F1: 0.9780)

--- Epoch 3/10 ---
Train Loss: 0.0291 | Test Loss: 0.0628
Test accuracy: 0.9696
Test precision: 0.9986
Test recall: 0.9611
Test f1: 0.9794
Test roc_auc: 0.9994
[*] Saved new best model (F1: 0.9794)

--- Epoch 4/10 ---
Train Loss: 0.0182 | Test Loss: 0.1038
Test accuracy: 0.9549
Test precision: 0.9985
Test recall: 0.9416
Test f1: 0.9692
Test roc_auc: 0.9993

--- Epoch 5/10 ---
Train Loss: 0.0117 | Test Loss: 0.0907
Test accuracy: 0.9643
Test precision: 0.9985
Test recall: 0.9541
Test f1: 0.9758
Test roc_auc: 0.9993

--- Epoch 6/10 ---
Train Loss: 0.0085 | Test Loss: 0.1080
Test accuracy: 0.9570
Test precision: 0.9985
Test recall: 0.9444
Test f1: 0.9707
Test roc_auc: 0.9993

--- Epoch 7/10 ---
Train Loss: 0.0059 | Test Loss: 0.0975
Test accuracy: 0.9601
Test precision: 0.9985
Test recall: 0.9485
Test f1: 0.9729
Test roc_auc: 0.9992

--- Epoch 8/10 ---
Train Loss: 0.0054 | Test Loss: 0.0954
Test accuracy: 0.9643
Test precision: 0.9985
Test recall: 0.9541
Test f1: 0.9758
Test roc_auc: 0.9994

--- Epoch 9/10 ---
Train Loss: 0.0051 | Test Loss: 0.0843
Test accuracy: 0.9706
Test precision: 0.9986
Test recall: 0.9624
Test f1: 0.9802
Test roc_auc: 0.9992
[*] Saved new best model (F1: 0.9802)

--- Epoch 10/10 ---
Train Loss: 0.0050 | Test Loss: 0.0864
Test accuracy: 0.9696
Test precision: 0.9986
Test recall: 0.9611
Test f1: 0.9794
Test roc_auc: 0.9993
