Starting training at 20260407_151631
Args: {'train_json': 'data/memes-trainval.json', 'test_json': 'data/memes-test.json', 'image_root': 'data/memes', 'output_dir': 'outputs/classification/ablation_fusion', 'model_name': 'ViT-L-14', 'pretrained': 'laion2b_s32b_b82k', 'batch_size': 32, 'eval_batch_size': 64, 'epochs': 10, 'lr': 0.0001, 'weight_decay': 0.01, 'hidden_dim': 512, 'dropout': 0.3, 'limit': None, 'seed': 42, 'device': None, 'feature_dir': None}

--- Epoch 1/10 ---
Train Loss: 0.0524 | Test Loss: 0.0396
Test accuracy: 0.9854
Test precision: 0.9979
Test recall: 0.9831
Test f1: 0.9904
Test roc_auc: 0.9996
[*] Saved new best model (F1: 0.9904)

--- Epoch 2/10 ---
Train Loss: 0.0099 | Test Loss: 0.1108
Test accuracy: 0.9736
Test precision: 1.0000
Test recall: 0.9656
Test f1: 0.9825
Test roc_auc: 0.9995

--- Epoch 3/10 ---
Train Loss: 0.0051 | Test Loss: 0.0451
Test accuracy: 0.9874
Test precision: 0.9989
Test recall: 0.9846
Test f1: 0.9917
Test roc_auc: 0.9996
[*] Saved new best model (F1: 0.9917)

--- Epoch 4/10 ---
Train Loss: 0.0029 | Test Loss: 0.0626
Test accuracy: 0.9845
Test precision: 0.9989
Test recall: 0.9809
Test f1: 0.9899
Test roc_auc: 0.9996

--- Epoch 5/10 ---
Train Loss: 0.0024 | Test Loss: 0.1019
Test accuracy: 0.9788
Test precision: 0.9995
Test recall: 0.9730
Test f1: 0.9861
Test roc_auc: 0.9994

--- Epoch 6/10 ---
Train Loss: 0.0013 | Test Loss: 0.0638
Test accuracy: 0.9858
Test precision: 0.9984
Test recall: 0.9831
Test f1: 0.9907
Test roc_auc: 0.9996

--- Epoch 7/10 ---
Train Loss: 0.0008 | Test Loss: 0.0903
Test accuracy: 0.9833
Test precision: 0.9995
Test recall: 0.9788
Test f1: 0.9890
Test roc_auc: 0.9995

--- Epoch 8/10 ---
Train Loss: 0.0003 | Test Loss: 0.0925
Test accuracy: 0.9833
Test precision: 0.9995
Test recall: 0.9788
Test f1: 0.9890
Test roc_auc: 0.9995

--- Epoch 9/10 ---
Train Loss: 0.0003 | Test Loss: 0.0957
Test accuracy: 0.9833
Test precision: 0.9995
Test recall: 0.9788
Test f1: 0.9890
Test roc_auc: 0.9995

--- Epoch 10/10 ---
Train Loss: 0.0002 | Test Loss: 0.0983
Test accuracy: 0.9829
Test precision: 0.9989
Test recall: 0.9788
Test f1: 0.9888
Test roc_auc: 0.9995
