Starting training at 20260406_140810
Args: {'train_json': 'data/memes-trainval.json', 'test_json': 'data/memes-test.json', 'image_root': 'data/memes', 'output_dir': 'outputs/classification/train/', 'model_name': 'ViT-L-14', 'pretrained': 'laion2b_s32b_b82k', 'batch_size': 32, 'eval_batch_size': 64, 'epochs': 10, 'lr': 0.0001, 'weight_decay': 0.01, 'hidden_dim': 512, 'dropout': 0.3, 'limit': None, 'seed': 42, 'device': 'cuda', 'feature_dir': 'data/features/openclip_vit_l_14'}

--- Epoch 1/10 ---
Train Loss: 0.0836 | Test Loss: 0.0691
Test accuracy: 0.9723
Test precision: 0.9995
Test recall: 0.9645
Test f1: 0.9817
Test roc_auc: 0.9995
[*] Saved new best model (F1: 0.9817)

--- Epoch 2/10 ---
Train Loss: 0.0238 | Test Loss: 0.0605
Test accuracy: 0.9756
Test precision: 0.9995
Test recall: 0.9688
Test f1: 0.9839
Test roc_auc: 0.9995
[*] Saved new best model (F1: 0.9839)

--- Epoch 3/10 ---
Train Loss: 0.0121 | Test Loss: 0.0435
Test accuracy: 0.9817
Test precision: 0.9995
Test recall: 0.9767
Test f1: 0.9880
Test roc_auc: 0.9996
[*] Saved new best model (F1: 0.9880)

--- Epoch 4/10 ---
Train Loss: 0.0089 | Test Loss: 0.0469
Test accuracy: 0.9817
Test precision: 0.9995
Test recall: 0.9767
Test f1: 0.9880
Test roc_auc: 0.9995

--- Epoch 5/10 ---
Train Loss: 0.0050 | Test Loss: 0.0605
Test accuracy: 0.9788
Test precision: 0.9989
Test recall: 0.9735
Test f1: 0.9861
Test roc_auc: 0.9994

--- Epoch 6/10 ---
Train Loss: 0.0047 | Test Loss: 0.0344
Test accuracy: 0.9870
Test precision: 0.9989
Test recall: 0.9841
Test f1: 0.9915
Test roc_auc: 0.9997
[*] Saved new best model (F1: 0.9915)

--- Epoch 7/10 ---
Train Loss: 0.0030 | Test Loss: 0.0672
Test accuracy: 0.9772
Test precision: 0.9989
Test recall: 0.9714
Test f1: 0.9850
Test roc_auc: 0.9995

--- Epoch 8/10 ---
Train Loss: 0.0030 | Test Loss: 0.0612
Test accuracy: 0.9805
Test precision: 0.9989
Test recall: 0.9756
Test f1: 0.9871
Test roc_auc: 0.9995

--- Epoch 9/10 ---
Train Loss: 0.0025 | Test Loss: 0.0732
Test accuracy: 0.9793
Test precision: 0.9989
Test recall: 0.9741
Test f1: 0.9863
Test roc_auc: 0.9995

--- Epoch 10/10 ---
Train Loss: 0.0016 | Test Loss: 0.0586
Test accuracy: 0.9825
Test precision: 0.9989
Test recall: 0.9783
Test f1: 0.9885
Test roc_auc: 0.9995
