Starting training at 20260407_130836
Args: {'train_json': 'data/memes-trainval.json', 'test_json': 'data/memes-test.json', 'image_root': 'data/memes', 'output_dir': 'outputs/classification/ablation_layernorm', 'model_name': 'ViT-L-14', 'pretrained': 'laion2b_s32b_b82k', 'batch_size': 32, 'eval_batch_size': 64, 'epochs': 10, 'lr': 0.0001, 'weight_decay': 0.01, 'hidden_dim': 512, 'dropout': 0.3, 'limit': None, 'seed': 42, 'device': None, 'feature_dir': None}

--- Epoch 1/10 ---
Train Loss: 0.0530 | Test Loss: 0.0285
Test accuracy: 0.9906
Test precision: 0.9973
Test recall: 0.9905
Test f1: 0.9939
Test roc_auc: 0.9996
[*] Saved new best model (F1: 0.9939)

--- Epoch 2/10 ---
Train Loss: 0.0109 | Test Loss: 0.1053
Test accuracy: 0.9740
Test precision: 1.0000
Test recall: 0.9661
Test f1: 0.9828
Test roc_auc: 0.9995

--- Epoch 3/10 ---
Train Loss: 0.0046 | Test Loss: 0.0332
Test accuracy: 0.9906
Test precision: 0.9973
Test recall: 0.9905
Test f1: 0.9939
Test roc_auc: 0.9996

--- Epoch 4/10 ---
Train Loss: 0.0028 | Test Loss: 0.0905
Test accuracy: 0.9801
Test precision: 0.9995
Test recall: 0.9746
Test f1: 0.9869
Test roc_auc: 0.9996

--- Epoch 5/10 ---
Train Loss: 0.0017 | Test Loss: 0.0668
Test accuracy: 0.9841
Test precision: 0.9995
Test recall: 0.9799
Test f1: 0.9896
Test roc_auc: 0.9996

--- Epoch 6/10 ---
Train Loss: 0.0013 | Test Loss: 0.0521
Test accuracy: 0.9874
Test precision: 0.9984
Test recall: 0.9852
Test f1: 0.9917
Test roc_auc: 0.9996

--- Epoch 7/10 ---
Train Loss: 0.0008 | Test Loss: 0.1395
Test accuracy: 0.9744
Test precision: 1.0000
Test recall: 0.9666
Test f1: 0.9830
Test roc_auc: 0.9996

--- Epoch 8/10 ---
Train Loss: 0.0012 | Test Loss: 0.0935
Test accuracy: 0.9821
Test precision: 1.0000
Test recall: 0.9767
Test f1: 0.9882
Test roc_auc: 0.9997

--- Epoch 9/10 ---
Train Loss: 0.0028 | Test Loss: 0.0701
Test accuracy: 0.9825
Test precision: 0.9995
Test recall: 0.9778
Test f1: 0.9885
Test roc_auc: 0.9996

--- Epoch 10/10 ---
Train Loss: 0.0011 | Test Loss: 0.0434
Test accuracy: 0.9894
Test precision: 0.9947
Test recall: 0.9915
Test f1: 0.9931
Test roc_auc: 0.9996
