Starting training at 20260407_172104
Args: {'train_json': 'data/memes-trainval.json', 'test_json': 'data/memes-test.json', 'image_root': 'data/memes', 'output_dir': 'outputs/classification/ablation_focal_loss', 'model_name': 'ViT-L-14', 'pretrained': 'laion2b_s32b_b82k', 'batch_size': 32, 'eval_batch_size': 64, 'epochs': 10, 'lr': 0.0001, 'weight_decay': 0.01, 'hidden_dim': 512, 'dropout': 0.3, 'limit': None, 'seed': 42, 'device': None, 'feature_dir': None}

--- Epoch 1/10 ---
Train Loss: 0.0034 | Test Loss: 0.0039
Test accuracy: 0.9760
Test precision: 0.9995
Test recall: 0.9693
Test f1: 0.9841
Test roc_auc: 0.9996
[*] Saved new best model (F1: 0.9841)

--- Epoch 2/10 ---
Train Loss: 0.0010 | Test Loss: 0.0045
Test accuracy: 0.9748
Test precision: 0.9995
Test recall: 0.9677
Test f1: 0.9833
Test roc_auc: 0.9995

--- Epoch 3/10 ---
Train Loss: 0.0005 | Test Loss: 0.0033
Test accuracy: 0.9801
Test precision: 0.9995
Test recall: 0.9746
Test f1: 0.9869
Test roc_auc: 0.9996
[*] Saved new best model (F1: 0.9869)

--- Epoch 4/10 ---
Train Loss: 0.0004 | Test Loss: 0.0034
Test accuracy: 0.9825
Test precision: 0.9995
Test recall: 0.9778
Test f1: 0.9885
Test roc_auc: 0.9995
[*] Saved new best model (F1: 0.9885)

--- Epoch 5/10 ---
Train Loss: 0.0002 | Test Loss: 0.0045
Test accuracy: 0.9797
Test precision: 0.9989
Test recall: 0.9746
Test f1: 0.9866
Test roc_auc: 0.9995

--- Epoch 6/10 ---
Train Loss: 0.0003 | Test Loss: 0.0024
Test accuracy: 0.9866
Test precision: 0.9984
Test recall: 0.9841
Test f1: 0.9912
Test roc_auc: 0.9996
[*] Saved new best model (F1: 0.9912)

--- Epoch 7/10 ---
Train Loss: 0.0002 | Test Loss: 0.0045
Test accuracy: 0.9805
Test precision: 0.9989
Test recall: 0.9756
Test f1: 0.9871
Test roc_auc: 0.9996

--- Epoch 8/10 ---
Train Loss: 0.0002 | Test Loss: 0.0049
Test accuracy: 0.9793
Test precision: 0.9989
Test recall: 0.9741
Test f1: 0.9863
Test roc_auc: 0.9996

--- Epoch 9/10 ---
Train Loss: 0.0001 | Test Loss: 0.0052
Test accuracy: 0.9784
Test precision: 0.9989
Test recall: 0.9730
Test f1: 0.9858
Test roc_auc: 0.9996

--- Epoch 10/10 ---
Train Loss: 0.0001 | Test Loss: 0.0043
Test accuracy: 0.9829
Test precision: 0.9989
Test recall: 0.9788
Test f1: 0.9888
Test roc_auc: 0.9996
